<?xml version="1.0" encoding="utf-8"?><testsuites name="pytest tests"><testsuite name="pytest" errors="0" failures="0" skipped="0" tests="19" time="24.366" timestamp="2026-01-03T14:59:08.512994+00:00" hostname="agent-env-cedbb7d1-90f7-4c44-b60e-1e122db14e08"><testcase classname="tests.test_pocketbuddy_api.TestHealthAndSeed" name="test_api_root" time="0.072" /><testcase classname="tests.test_pocketbuddy_api.TestHealthAndSeed" name="test_seed_data" time="0.042" /><testcase classname="tests.test_pocketbuddy_api.TestAuthentication" name="test_login_admin_success" time="0.272" /><testcase classname="tests.test_pocketbuddy_api.TestAuthentication" name="test_login_invalid_credentials" time="0.040" /><testcase classname="tests.test_pocketbuddy_api.TestAuthentication" name="test_get_me_authenticated" time="0.320" /><testcase classname="tests.test_pocketbuddy_api.TestAuthentication" name="test_get_me_unauthenticated" time="0.043" /><testcase classname="tests.test_pocketbuddy_api.TestAdminEndpoints" name="test_get_statistics" time="0.327" /><testcase classname="tests.test_pocketbuddy_api.TestAdminEndpoints" name="test_get_all_users" time="0.340" /><testcase classname="tests.test_pocketbuddy_api.TestAdminEndpoints" name="test_get_registration_requests" time="0.361" /><testcase classname="tests.test_pocketbuddy_api.TestSubjects" name="test_get_subjects" time="0.328" /><testcase classname="tests.test_pocketbuddy_api.TestGrades" name="test_get_grades" time="0.310" /><testcase classname="tests.test_pocketbuddy_api.TestAISources" name="test_get_ai_sources" time="0.310" /><testcase classname="tests.test_pocketbuddy_api.TestFlashcards" name="test_generate_flashcards" time="4.016" /><testcase classname="tests.test_pocketbuddy_api.TestQuiz" name="test_generate_quiz" time="7.533" /><testcase classname="tests.test_pocketbuddy_api.TestChat" name="test_create_chat" time="0.318" /><testcase classname="tests.test_pocketbuddy_api.TestChat" name="test_get_chats" time="0.301" /><testcase classname="tests.test_pocketbuddy_api.TestChat" name="test_send_message_and_get_ai_response" time="8.592" /><testcase classname="tests.test_pocketbuddy_api.TestChat" name="test_get_chat_messages" time="0.395" /><testcase classname="tests.test_pocketbuddy_api.TestTopics" name="test_get_topics" time="0.306" /></testsuite></testsuites>